Arguments: 
  C:\Program Files\nodejs\node.exe C:\Users\ifbamunoz.externos.BME\AppData\Roaming\npm\node_modules\yarn\bin\yarn.js init

PATH: 
  C:\Users\ifbamunoz.externos.BME\bin;C:\Program Files\Git\mingw64\bin;C:\Program Files\Git\usr\local\bin;C:\Program Files\Git\usr\bin;C:\Program Files\Git\usr\bin;C:\Program Files\Git\mingw64\bin;C:\Program Files\Git\usr\bin;C:\Users\ifbamunoz.externos.BME\bin;C:\Program Files (x86)\Intel\iCLS Client;C:\Program Files\Intel\iCLS Client;C:\WINDOWS\system32;C:\WINDOWS;C:\WINDOWS\System32\Wbem;C:\WINDOWS\System32\WindowsPowerShell\v1.0;C:\Program Files (x86)\Intel\Intel(R) Management Engine Components\DAL;C:\Program Files\Intel\Intel(R) Management Engine Components\DAL;C:\Program Files (x86)\Intel\Intel(R) Management Engine Components\IPT;C:\Program Files\Intel\Intel(R) Management Engine Components\IPT;C:\Program Files\Git\cmd;C:\Users\ifbamunoz.externos.BME\AppData\Roaming\nvm;C:\Program Files\nodejs;C:\Program Files\nodejs;C:\Program Files\Perforce;C:\Program Files\Perforce\DVCS;C:\Users\ifbamunoz.externos.BME\AppData\Local\Microsoft\WindowsApps;C:\Users\ifbamunoz.externos.BME\AppData\Roaming\nvm;C:\Program Files\nodejs;C:\Users\ifbamunoz.externos.BME\AppData\Roaming\npm;C:\Program Files (x86)\Microsoft VS Code\bin;C:\Program Files\Git\usr\bin\vendor_perl;C:\Program Files\Git\usr\bin\core_perl

Yarn version: 
  0.18.1

Node version: 
  7.3.0

Platform: 
  win32 x64

npm manifest: 
  {
    "name": "node-api-rest-example",
    "version": "2.0.0",
    "dependencies": {
      "mongoose": "~3.6.11",
      "express": "^4.7.1",
      "method-override": "^2.1.2",
      "body-parser": "^1.5.1"
    }
  }

yarn manifest: 
  No manifest

Lockfile: 
  No lockfile

Trace: 
  Error: Can't answer a question unless a user TTY
      at ConsoleReporter.question (C:\Users\ifbamunoz.externos.BME\AppData\Roaming\npm\node_modules\yarn\lib\reporters\console\console-reporter.js:192:29)
      at Object.<anonymous> (C:\Users\ifbamunoz.externos.BME\AppData\Roaming\npm\node_modules\yarn\lib\cli\commands\init.js:105:38)
      at Generator.next (<anonymous>)
      at step (C:\Users\ifbamunoz.externos.BME\AppData\Roaming\npm\node_modules\yarn\node_modules\babel-runtime\helpers\asyncToGenerator.js:17:30)
      at C:\Users\ifbamunoz.externos.BME\AppData\Roaming\npm\node_modules\yarn\node_modules\babel-runtime\helpers\asyncToGenerator.js:28:13
      at process._tickCallback (internal/process/next_tick.js:103:7)
